<?xml version="1.0" encoding="UTF-8"?>
<testsuite xmlns:xsi="http://www.w3.org/2001/XMLSchema-instance" xsi:noNamespaceSchemaLocation="https://maven.apache.org/surefire/maven-surefire-plugin/xsd/surefire-test-report-3.0.xsd" version="3.0" name="com.feedzai.netsim.test.NetworkConnectionTest" time="0.237" tests="10" errors="0" skipped="0" failures="0">
  <properties>
    <property name="java.specification.version" value="17"/>
    <property name="sun.cpu.isalist" value="amd64"/>
    <property name="sun.jnu.encoding" value="Cp1252"/>
    <property name="java.class.path" value="C:\Users\edimi\Repositories\qa-challenge-master-set-challenge-unittests\qa-challenge-master-set-challenge-unittests\set-challenge\unittests\netsim-feedzai\target\test-classes;C:\Users\edimi\Repositories\qa-challenge-master-set-challenge-unittests\qa-challenge-master-set-challenge-unittests\set-challenge\unittests\netsim-feedzai\target\classes;C:\Users\edimi\.m2\repository\junit\junit\4.12\junit-4.12.jar;C:\Users\edimi\.m2\repository\org\hamcrest\hamcrest-core\1.3\hamcrest-core-1.3.jar;"/>
    <property name="java.vm.vendor" value="Eclipse Adoptium"/>
    <property name="sun.arch.data.model" value="64"/>
    <property name="user.variant" value=""/>
    <property name="java.vendor.url" value="https://adoptium.net/"/>
    <property name="user.timezone" value="America/Denver"/>
    <property name="os.name" value="Windows 11"/>
    <property name="java.vm.specification.version" value="17"/>
    <property name="sun.java.launcher" value="SUN_STANDARD"/>
    <property name="user.country" value="US"/>
    <property name="sun.boot.library.path" value="C:\Users\edimi\.p2\pool\plugins\org.eclipse.justj.openjdk.hotspot.jre.full.win32.x86_64_17.0.9.v20231028-0858\jre\bin"/>
    <property name="sun.java.command" value="C:\Users\edimi\AppData\Local\Temp\surefire14329940988542716321\surefirebooter-20240804002510035_3.jar C:\Users\edimi\AppData\Local\Temp\surefire14329940988542716321 2024-08-04T00-25-09_550-jvmRun1 surefire-20240804002510035_1tmp surefire_0-20240804002510035_2tmp"/>
    <property name="jdk.debug" value="release"/>
    <property name="surefire.test.class.path" value="C:\Users\edimi\Repositories\qa-challenge-master-set-challenge-unittests\qa-challenge-master-set-challenge-unittests\set-challenge\unittests\netsim-feedzai\target\test-classes;C:\Users\edimi\Repositories\qa-challenge-master-set-challenge-unittests\qa-challenge-master-set-challenge-unittests\set-challenge\unittests\netsim-feedzai\target\classes;C:\Users\edimi\.m2\repository\junit\junit\4.12\junit-4.12.jar;C:\Users\edimi\.m2\repository\org\hamcrest\hamcrest-core\1.3\hamcrest-core-1.3.jar;"/>
    <property name="sun.cpu.endian" value="little"/>
    <property name="user.home" value="C:\Users\edimi"/>
    <property name="user.language" value="en"/>
    <property name="java.specification.vendor" value="Oracle Corporation"/>
    <property name="java.version.date" value="2023-10-17"/>
    <property name="java.home" value="C:\Users\edimi\.p2\pool\plugins\org.eclipse.justj.openjdk.hotspot.jre.full.win32.x86_64_17.0.9.v20231028-0858\jre"/>
    <property name="file.separator" value="\"/>
    <property name="style.color" value="always"/>
    <property name="basedir" value="C:\Users\edimi\Repositories\qa-challenge-master-set-challenge-unittests\qa-challenge-master-set-challenge-unittests\set-challenge\unittests\netsim-feedzai"/>
    <property name="java.vm.compressedOopsMode" value="32-bit"/>
    <property name="line.separator" value="&#10;"/>
    <property name="java.vm.specification.vendor" value="Oracle Corporation"/>
    <property name="java.specification.name" value="Java Platform API Specification"/>
    <property name="surefire.real.class.path" value="C:\Users\edimi\AppData\Local\Temp\surefire14329940988542716321\surefirebooter-20240804002510035_3.jar"/>
    <property name="user.script" value=""/>
    <property name="sun.management.compiler" value="HotSpot 64-Bit Tiered Compilers"/>
    <property name="java.runtime.version" value="17.0.9+9"/>
    <property name="user.name" value="edimilsonestevam"/>
    <property name="path.separator" value=";"/>
    <property name="os.version" value="10.0"/>
    <property name="java.runtime.name" value="OpenJDK Runtime Environment"/>
    <property name="file.encoding" value="Cp1252"/>
    <property name="java.vm.name" value="OpenJDK 64-Bit Server VM"/>
    <property name="java.vendor.version" value="Temurin-17.0.9+9"/>
    <property name="localRepository" value="C:\Users\edimi\.m2\repository"/>
    <property name="java.vendor.url.bug" value="https://github.com/adoptium/adoptium-support/issues"/>
    <property name="java.io.tmpdir" value="C:\Users\edimi\AppData\Local\Temp\"/>
    <property name="java.version" value="17.0.9"/>
    <property name="user.dir" value="C:\Users\edimi\Repositories\qa-challenge-master-set-challenge-unittests\qa-challenge-master-set-challenge-unittests\set-challenge\unittests\netsim-feedzai"/>
    <property name="os.arch" value="amd64"/>
    <property name="java.vm.specification.name" value="Java Virtual Machine Specification"/>
    <property name="sun.os.patch.level" value=""/>
    <property name="native.encoding" value="Cp1252"/>
    <property name="java.library.path" value="C:\Users\edimi\.p2\pool\plugins\org.eclipse.justj.openjdk.hotspot.jre.full.win32.x86_64_17.0.9.v20231028-0858\jre\bin;C:\WINDOWS\Sun\Java\bin;C:\WINDOWS\system32;C:\WINDOWS;C:/Users/edimi/.p2/pool/plugins/org.eclipse.justj.openjdk.hotspot.jre.full.win32.x86_64_17.0.9.v20231028-0858/jre/bin/server;C:/Users/edimi/.p2/pool/plugins/org.eclipse.justj.openjdk.hotspot.jre.full.win32.x86_64_17.0.9.v20231028-0858/jre/bin;C:\Program Files\Common Files\Oracle\Java\javapath;C:\Program Files (x86)\Common Files\Oracle\Java\javapath;C:\Program Files (x86)\Common Files\Oracle\Java\java8path;C:\Program Files (x86)\Intel\iCLS Client\;C:\Program Files\Intel\iCLS Client\;C:\Windows\system32;C:\Windows;C:\Windows\System32\Wbem;C:\Windows\System32\WindowsPowerShell\v1.0\;C:\Windows\System32\OpenSSH\;C:\Program Files (x86)\Intel\Intel(R) Management Engine Components\DAL;C:\Program Files\Intel\Intel(R) Management Engine Components\DAL;C:\Program Files (x86)\Intel\Intel(R) Management Engine Components\IPT;C:\Program Files\Intel\Intel(R) Management Engine Components\IPT;C:\Program Files (x86)\NVIDIA Corporation\PhysX\Common;C:\Program Files\Intel\WiFi\bin\;C:\Program Files\Common Files\Intel\WirelessCommon\;C:\WINDOWS\system32;C:\WINDOWS;C:\WINDOWS\System32\Wbem;C:\WINDOWS\System32\WindowsPowerShell\v1.0\;C:\WINDOWS\System32\OpenSSH\;C:\Program Files\Docker\Docker\resources\bin;C:\Program Files\Portugal Identity Card\;C:\Program Files\Git\cmd;C:\Program Files\nodejs\;%JAVA_HOME%\bin;%MAVEN_HOME%\bin;C:\Users\edimi\AppData\Local\Programs\Python\Launcher\;C:\Users\edimi\AppData\Local\Microsoft\WindowsApps;C:\Users\edimi\AppData\Local\GitHubDesktop\bin;C:\Program Files\Java\jdk-17\bin;C:\Program Files\Java\jre1.8.0_202\bin;C:\Program Files\Apache\apache-maven-3.9.8\bin;C:\Users\edimi\AppData\Local\Programs\Microsoft VS Code\bin;C:\Users\edimi\AppData\Roaming\npm;C:\WINDOWS\System32;;."/>
    <property name="java.vm.info" value="mixed mode"/>
    <property name="java.vendor" value="Eclipse Adoptium"/>
    <property name="java.vm.version" value="17.0.9+9"/>
    <property name="sun.io.unicode.encoding" value="UnicodeLittle"/>
    <property name="java.class.version" value="61.0"/>
  </properties>
  <testcase name="testNetworkConnectionPathAI" classname="com.feedzai.netsim.test.NetworkConnectionTest" time="0.075">
    <system-out><![CDATA[Network representation (as an adjacency list)
[[A,D,1],[B,D,1],[C,E,1],[D,A,1],[D,B,1],[D,E,3],[D,F,2],[E,C,1],[E,D,3],[E,F,4],[E,G,5],[F,D,2],[F,E,4],[F,G,3],[F,H,5],[F,J,1],[G,E,5],[G,F,3],[G,I,1],[H,F,5],[H,K,10],[I,G,1],[J,F,1],[K,H,10]]
Sending a packet from 'A' to 'I':
[A,D,F,G,I]
Time it took (msec):
7
]]></system-out>
  </testcase>
  <testcase name="testNetworkConnectionPathAJ" classname="com.feedzai.netsim.test.NetworkConnectionTest" time="0.003">
    <system-out><![CDATA[Network representation (as an adjacency list)
[[A,D,1],[B,D,1],[C,E,1],[D,A,1],[D,B,1],[D,E,3],[D,F,2],[E,C,1],[E,D,3],[E,F,4],[E,G,5],[F,D,2],[F,E,4],[F,G,3],[F,H,5],[F,J,1],[G,E,5],[G,F,3],[G,I,1],[H,F,5],[H,K,10],[I,G,1],[J,F,1],[K,H,10]]
Sending a packet from 'A' to 'J':
[A,D,F,J]
Time it took (msec):
4
]]></system-out>
  </testcase>
  <testcase name="testNetworkConnectionPathAK" classname="com.feedzai.netsim.test.NetworkConnectionTest" time="0.003">
    <system-out><![CDATA[Network representation (as an adjacency list)
[[A,D,1],[B,D,1],[C,E,1],[D,A,1],[D,B,1],[D,E,3],[D,F,2],[E,C,1],[E,D,3],[E,F,4],[E,G,5],[F,D,2],[F,E,4],[F,G,3],[F,H,5],[F,J,1],[G,E,5],[G,F,3],[G,I,1],[H,F,5],[H,K,10],[I,G,1],[J,F,1],[K,H,10]]
Sending a packet from 'A' to 'K':
[A,D,F,H,K]
Time it took (msec):
18
]]></system-out>
  </testcase>
  <testcase name="testNetworkConnectionPathBI" classname="com.feedzai.netsim.test.NetworkConnectionTest" time="0.003">
    <system-out><![CDATA[Network representation (as an adjacency list)
[[A,D,1],[B,D,1],[C,E,1],[D,A,1],[D,B,1],[D,E,3],[D,F,2],[E,C,1],[E,D,3],[E,F,4],[E,G,5],[F,D,2],[F,E,4],[F,G,3],[F,H,5],[F,J,1],[G,E,5],[G,F,3],[G,I,1],[H,F,5],[H,K,10],[I,G,1],[J,F,1],[K,H,10]]
Sending a packet from 'B' to 'I':
[B,D,F,G,I]
Time it took (msec):
7
]]></system-out>
  </testcase>
  <testcase name="testNetworkConnectionPathBJ" classname="com.feedzai.netsim.test.NetworkConnectionTest" time="0.002">
    <system-out><![CDATA[Network representation (as an adjacency list)
[[A,D,1],[B,D,1],[C,E,1],[D,A,1],[D,B,1],[D,E,3],[D,F,2],[E,C,1],[E,D,3],[E,F,4],[E,G,5],[F,D,2],[F,E,4],[F,G,3],[F,H,5],[F,J,1],[G,E,5],[G,F,3],[G,I,1],[H,F,5],[H,K,10],[I,G,1],[J,F,1],[K,H,10]]
Sending a packet from 'B' to 'J':
[B,D,F,J]
Time it took (msec):
4
]]></system-out>
  </testcase>
  <testcase name="testNetworkConnectionPathBK" classname="com.feedzai.netsim.test.NetworkConnectionTest" time="0.004">
    <system-out><![CDATA[Network representation (as an adjacency list)
[[A,D,1],[B,D,1],[C,E,1],[D,A,1],[D,B,1],[D,E,3],[D,F,2],[E,C,1],[E,D,3],[E,F,4],[E,G,5],[F,D,2],[F,E,4],[F,G,3],[F,H,5],[F,J,1],[G,E,5],[G,F,3],[G,I,1],[H,F,5],[H,K,10],[I,G,1],[J,F,1],[K,H,10]]
Sending a packet from 'B' to 'K':
[B,D,F,H,K]
Time it took (msec):
18
]]></system-out>
  </testcase>
  <testcase name="testNetworkConnectionPathCI" classname="com.feedzai.netsim.test.NetworkConnectionTest" time="0.002">
    <system-out><![CDATA[Network representation (as an adjacency list)
[[A,D,1],[B,D,1],[C,E,1],[D,A,1],[D,B,1],[D,E,3],[D,F,2],[E,C,1],[E,D,3],[E,F,4],[E,G,5],[F,D,2],[F,E,4],[F,G,3],[F,H,5],[F,J,1],[G,E,5],[G,F,3],[G,I,1],[H,F,5],[H,K,10],[I,G,1],[J,F,1],[K,H,10]]
Sending a packet from 'C' to 'I':
[C,E,G,I]
Time it took (msec):
7
]]></system-out>
  </testcase>
  <testcase name="testNetworkConnectionPathCJ" classname="com.feedzai.netsim.test.NetworkConnectionTest" time="0.002">
    <system-out><![CDATA[Network representation (as an adjacency list)
[[A,D,1],[B,D,1],[C,E,1],[D,A,1],[D,B,1],[D,E,3],[D,F,2],[E,C,1],[E,D,3],[E,F,4],[E,G,5],[F,D,2],[F,E,4],[F,G,3],[F,H,5],[F,J,1],[G,E,5],[G,F,3],[G,I,1],[H,F,5],[H,K,10],[I,G,1],[J,F,1],[K,H,10]]
Sending a packet from 'C' to 'J':
[C,E,F,J]
Time it took (msec):
6
]]></system-out>
  </testcase>
  <testcase name="testNetworkConnectionPathCK" classname="com.feedzai.netsim.test.NetworkConnectionTest" time="0.002">
    <system-out><![CDATA[Network representation (as an adjacency list)
[[A,D,1],[B,D,1],[C,E,1],[D,A,1],[D,B,1],[D,E,3],[D,F,2],[E,C,1],[E,D,3],[E,F,4],[E,G,5],[F,D,2],[F,E,4],[F,G,3],[F,H,5],[F,J,1],[G,E,5],[G,F,3],[G,I,1],[H,F,5],[H,K,10],[I,G,1],[J,F,1],[K,H,10]]
Sending a packet from 'C' to 'K':
[C,E,F,H,K]
Time it took (msec):
20
]]></system-out>
  </testcase>
  <testcase name="testNetworkConnectionPathWrong" classname="com.feedzai.netsim.test.NetworkConnectionTest" time="0.002">
    <system-out><![CDATA[Network representation (as an adjacency list)
[[A,D,1],[B,D,1],[C,E,1],[D,A,1],[D,B,1],[D,E,3],[D,F,2],[E,C,1],[E,D,3],[E,F,4],[E,G,5],[F,D,2],[F,E,4],[F,G,3],[F,H,5],[F,J,1],[G,E,5],[G,F,3],[G,I,1],[H,F,5],[H,K,10],[I,G,1],[J,F,1],[K,H,10]]
You did not choose correct option! Try again...
Examples: "CJ", "CI", "CK", "BJ", "BI", "BK", "AJ", "AI" or "AK"
]]></system-out>
  </testcase>
</testsuite>